This is pdfTeX, Version 3.14159265-2.6-1.40.16 (TeX Live 2015) (preloaded format=pdflatex 2016.4.28)  25 JUL 2017 00:42
entering extended mode
 restricted \write18 enabled.
 %&-line parsing enabled.
**proceedings.tex
(./proceedings.tex
LaTeX2e <2016/03/31>
Babel <3.9q> and hyphenation patterns for 81 language(s) loaded.
(/home/salv/.local/texlive/2015/texmf-dist/tex/latex/base/article.cls
Document Class: article 2014/09/29 v1.4h Standard LaTeX document class
(/home/salv/.local/texlive/2015/texmf-dist/tex/latex/base/size11.clo
File: size11.clo 2014/09/29 v1.4h Standard LaTeX file (size option)
)
\c@part=\count79
\c@section=\count80
\c@subsection=\count81
\c@subsubsection=\count82
\c@paragraph=\count83
\c@subparagraph=\count84
\c@figure=\count85
\c@table=\count86
\abovecaptionskip=\skip41
\belowcaptionskip=\skip42
\bibindent=\dimen102
)
(/home/salv/.local/texlive/2015/texmf-dist/tex/latex/graphics/graphicx.sty
Package: graphicx 2014/10/28 v1.0g Enhanced LaTeX Graphics (DPC,SPQR)

(/home/salv/.local/texlive/2015/texmf-dist/tex/latex/graphics/keyval.sty
Package: keyval 2014/10/28 v1.15 key=value parser (DPC)
\KV@toks@=\toks14
)
(/home/salv/.local/texlive/2015/texmf-dist/tex/latex/graphics/graphics.sty
Package: graphics 2016/01/03 v1.0q Standard LaTeX Graphics (DPC,SPQR)

(/home/salv/.local/texlive/2015/texmf-dist/tex/latex/graphics/trig.sty
Package: trig 2016/01/03 v1.10 sin cos tan (DPC)
)
(/home/salv/.local/texlive/2015/texmf-dist/tex/latex/latexconfig/graphics.cfg
File: graphics.cfg 2010/04/23 v1.9 graphics configuration of TeX Live
)
Package graphics Info: Driver file: pdftex.def on input line 95.

(/home/salv/.local/texlive/2015/texmf-dist/tex/latex/pdftex-def/pdftex.def
File: pdftex.def 2011/05/27 v0.06d Graphics/color for pdfTeX

(/home/salv/.local/texlive/2015/texmf-dist/tex/generic/oberdiek/infwarerr.sty
Package: infwarerr 2010/04/08 v1.3 Providing info/warning/error messages (HO)
)
(/home/salv/.local/texlive/2015/texmf-dist/tex/generic/oberdiek/ltxcmds.sty
Package: ltxcmds 2011/11/09 v1.22 LaTeX kernel commands for general use (HO)
)
\Gread@gobject=\count87
))
\Gin@req@height=\dimen103
\Gin@req@width=\dimen104
) (/home/salv/.local/texlive/2015/texmf-dist/tex/latex/booktabs/booktabs.sty
Package: booktabs 2005/04/14 v1.61803 publication quality tables
\heavyrulewidth=\dimen105
\lightrulewidth=\dimen106
\cmidrulewidth=\dimen107
\belowrulesep=\dimen108
\belowbottomsep=\dimen109
\aboverulesep=\dimen110
\abovetopsep=\dimen111
\cmidrulesep=\dimen112
\cmidrulekern=\dimen113
\defaultaddspace=\dimen114
\@cmidla=\count88
\@cmidlb=\count89
\@aboverulesep=\dimen115
\@belowrulesep=\dimen116
\@thisruleclass=\count90
\@lastruleclass=\count91
\@thisrulewidth=\dimen117
)
(/home/salv/.local/texlive/2015/texmf-dist/tex/latex/multirow/multirow.sty
\bigstrutjot=\dimen118
)
(./atlasphysics.sty
\hrs=\count92
\minu=\count93
\temptime=\count94
\boxsqbox=\box26
\boxsize=\dimen119
\dkwidth=\dimen120
)
(/home/salv/.local/texlive/2015/texmf-dist/tex/latex/siunitx/siunitx.sty
(/home/salv/.local/texlive/2015/texmf-dist/tex/latex/l3kernel/expl3.sty
Package: expl3 2016/03/28 v6468 L3 programming layer (loader) 

(/home/salv/.local/texlive/2015/texmf-dist/tex/latex/l3kernel/expl3-code.tex
Package: expl3 2016/03/28 v6468 L3 programming layer (code)
L3 Module: l3bootstrap 2016/02/12 v6412 L3 Bootstrap code
L3 Module: l3names 2016/03/11 v6433 L3 Namespace for primitives
L3 Module: l3basics 2015/11/22 v6315 L3 Basic definitions
L3 Module: l3expan 2015/09/10 v5983 L3 Argument expansion
L3 Module: l3tl 2016/03/26 v6465 L3 Token lists
L3 Module: l3str 2016/03/24 v6441 L3 Strings
L3 Module: l3seq 2015/08/05 v5777 L3 Sequences and stacks
L3 Module: l3int 2016/03/24 v6441 L3 Integers
\c_max_int=\count95
\l_tmpa_int=\count96
\l_tmpb_int=\count97
\g_tmpa_int=\count98
\g_tmpb_int=\count99
L3 Module: l3quark 2015/08/17 v5855 L3 Quarks
L3 Module: l3prg 2015/11/01 v6216 L3 Control structures
\g__prg_map_int=\count100
L3 Module: l3clist 2015/09/02 v5901 L3 Comma separated lists
L3 Module: l3token 2016/03/26 v6465 L3 Experimental token manipulation
L3 Module: l3prop 2016/01/05 v6366 L3 Property lists
L3 Module: l3msg 2016/03/26 v6464 L3 Messages
L3 Module: l3file 2016/03/25 v6458 L3 File and I/O operations
\l_iow_line_count_int=\count101
\l__iow_target_count_int=\count102
\l__iow_current_line_int=\count103
\l__iow_current_word_int=\count104
\l__iow_current_indentation_int=\count105
L3 Module: l3skip 2016/01/05 v6366 L3 Dimensions and skips
\c_zero_dim=\dimen121
\c_max_dim=\dimen122
\l_tmpa_dim=\dimen123
\l_tmpb_dim=\dimen124
\g_tmpa_dim=\dimen125
\g_tmpb_dim=\dimen126
\c_zero_skip=\skip43
\c_max_skip=\skip44
\l_tmpa_skip=\skip45
\l_tmpb_skip=\skip46
\g_tmpa_skip=\skip47
\g_tmpb_skip=\skip48
\c_zero_muskip=\muskip10
\c_max_muskip=\muskip11
\l_tmpa_muskip=\muskip12
\l_tmpb_muskip=\muskip13
\g_tmpa_muskip=\muskip14
\g_tmpb_muskip=\muskip15
L3 Module: l3keys 2015/11/17 v6284 L3 Key-value interfaces
\g__keyval_level_int=\count106
\l_keys_choice_int=\count107
L3 Module: l3fp 2016/03/26 v6465 L3 Floating points
\c__fp_leading_shift_int=\count108
\c__fp_middle_shift_int=\count109
\c__fp_trailing_shift_int=\count110
\c__fp_big_leading_shift_int=\count111
\c__fp_big_middle_shift_int=\count112
\c__fp_big_trailing_shift_int=\count113
\c__fp_Bigg_leading_shift_int=\count114
\c__fp_Bigg_middle_shift_int=\count115
\c__fp_Bigg_trailing_shift_int=\count116
L3 Module: l3box 2015/08/09 v5822 L3 Experimental boxes
\c_empty_box=\box27
\l_tmpa_box=\box28
\l_tmpb_box=\box29
\g_tmpa_box=\box30
\g_tmpb_box=\box31
L3 Module: l3coffins 2016/03/24 v6440 L3 Coffin code layer
\l__coffin_internal_box=\box32
\l__coffin_internal_dim=\dimen127
\l__coffin_offset_x_dim=\dimen128
\l__coffin_offset_y_dim=\dimen129
\l__coffin_x_dim=\dimen130
\l__coffin_y_dim=\dimen131
\l__coffin_x_prime_dim=\dimen132
\l__coffin_y_prime_dim=\dimen133
\c_empty_coffin=\box33
\l__coffin_aligned_coffin=\box34
\l__coffin_aligned_internal_coffin=\box35
\l_tmpa_coffin=\box36
\l_tmpb_coffin=\box37
\l__coffin_display_coffin=\box38
\l__coffin_display_coord_coffin=\box39
\l__coffin_display_pole_coffin=\box40
\l__coffin_display_offset_dim=\dimen134
\l__coffin_display_x_dim=\dimen135
\l__coffin_display_y_dim=\dimen136
L3 Module: l3color 2014/08/23 v5354 L3 Experimental color support
L3 Module: l3sys 2015/09/25 v6087 L3 Experimental system/runtime functions
L3 Module: l3candidates 2016/03/25 v6456 L3 Experimental additions to l3kernel
\l__box_top_dim=\dimen137
\l__box_bottom_dim=\dimen138
\l__box_left_dim=\dimen139
\l__box_right_dim=\dimen140
\l__box_top_new_dim=\dimen141
\l__box_bottom_new_dim=\dimen142
\l__box_left_new_dim=\dimen143
\l__box_right_new_dim=\dimen144
\l__box_internal_box=\box41
\l__coffin_bounding_shift_dim=\dimen145
\l__coffin_left_corner_dim=\dimen146
\l__coffin_right_corner_dim=\dimen147
\l__coffin_bottom_corner_dim=\dimen148
\l__coffin_top_corner_dim=\dimen149
\l__coffin_scaled_total_height_dim=\dimen150
\l__coffin_scaled_width_dim=\dimen151
L3 Module: l3luatex 2016/03/26 v6465 L3 Experimental LuaTeX-specific functions
)
(/home/salv/.local/texlive/2015/texmf-dist/tex/latex/l3kernel/l3pdfmode.def
File: l3pdfmode.def 2016/03/26 v6465 L3 Experimental driver: PDF mode
\l__driver_color_stack_int=\count117
))
(/home/salv/.local/texlive/2015/texmf-dist/tex/latex/l3packages/xparse/xparse.s
ty
Package: xparse 2016/03/28 v6468 L3 Experimental document command parser
\l__xparse_current_arg_int=\count118
\l__xparse_m_args_int=\count119
\l__xparse_mandatory_args_int=\count120
\l__xparse_processor_int=\count121
\l__xparse_v_nesting_int=\count122
)
Package: siunitx 2016/03/01 v2.6q A comprehensive (SI) units package
 (/home/salv/.local/texlive/2015/texmf-dist/tex/latex/amsmath/amstext.sty
Package: amstext 2000/06/29 v2.01 AMS text

(/home/salv/.local/texlive/2015/texmf-dist/tex/latex/amsmath/amsgen.sty
File: amsgen.sty 1999/11/30 v2.0 generic functions
\@emptytoks=\toks15
\ex@=\dimen152
))
(/home/salv/.local/texlive/2015/texmf-dist/tex/latex/tools/array.sty
Package: array 2014/10/28 v2.4c Tabular extension package (FMi)
\col@sep=\dimen153
\extrarowheight=\dimen154
\NC@list=\toks16
\extratabsurround=\skip49
\backup@length=\skip50
)
(/home/salv/.local/texlive/2015/texmf-dist/tex/latex/l3packages/l3keys2e/l3keys
2e.sty
Package: l3keys2e 2016/03/28 v6468 LaTeX2e option processing using LaTeX3 keys
)
\l__siunitx_tmp_box=\box42
\l__siunitx_tmp_dim=\dimen155
\l__siunitx_tmp_int=\count123
\l__siunitx_number_mantissa_length_int=\count124
\l__siunitx_number_uncert_length_int=\count125
\l__siunitx_round_int=\count126
\l__siunitx_process_decimal_int=\count127
\l__siunitx_process_uncertainty_int=\count128
\l__siunitx_process_fixed_int=\count129
\l__siunitx_process_integer_min_int=\count130
\l__siunitx_process_precision_int=\count131
\l__siunitx_group_min_int=\count132
\l__siunitx_angle_marker_box=\box43
\l__siunitx_angle_unit_box=\box44
\l__siunitx_angle_marker_dim=\dimen156
\l__siunitx_angle_unit_dim=\dimen157
\l__siunitx_unit_int=\count133
\l__siunitx_unit_denominator_int=\count134
\l__siunitx_unit_numerator_int=\count135
\l__siunitx_unit_prefix_int=\count136
\l__siunitx_unit_prefix_base_int=\count137
\l__siunitx_unit_prefix_gram_int=\count138
\l__siunitx_number_product_int=\count139
\c__siunitx_one_fill_skip=\skip51
\l__siunitx_table_unit_align_skip=\skip52
\l__siunitx_table_exponent_dim=\dimen158
\l__siunitx_table_integer_dim=\dimen159
\l__siunitx_table_mantissa_dim=\dimen160
\l__siunitx_table_marker_dim=\dimen161
\l__siunitx_table_result_dim=\dimen162
\l__siunitx_table_uncert_dim=\dimen163
\l__siunitx_table_fill_pre_dim=\dimen164
\l__siunitx_table_fill_post_dim=\dimen165
\l__siunitx_table_fill_mid_dim=\dimen166
\l__siunitx_table_pre_box=\box45
\l__siunitx_table_post_box=\box46
\l__siunitx_table_mantissa_box=\box47
\l__siunitx_table_result_box=\box48
\l__siunitx_table_number_align_skip=\skip53
\l__siunitx_table_text_align_skip=\skip54
.................................................
. LaTeX info: "xparse/define-command"
. 
. Defining command \DeclareBinaryPrefix with sig. 'mmm' on line 7218.
.................................................
.................................................
. LaTeX info: "xparse/define-command"
. 
. Defining command \DeclareSIPostPower with sig. 'mm' on line 7221.
.................................................
.................................................
. LaTeX info: "xparse/define-command"
. 
. Defining command \DeclareSIPrefix with sig. 'mmm' on line 7224.
.................................................
.................................................
. LaTeX info: "xparse/define-command"
. 
. Defining command \DeclareSIPrePower with sig. 'mm' on line 7227.
.................................................
.................................................
. LaTeX info: "xparse/define-command"
. 
. Defining command \DeclareSIQualifier with sig. 'mm' on line 7230.
.................................................
.................................................
. LaTeX info: "xparse/define-command"
. 
. Defining command \DeclareSIUnit with sig. 'O{}mm' on line 7233.
.................................................
.................................................
. LaTeX info: "xparse/define-command"
. 
. Defining command \DeclareSIUnitWithOptions with sig. 'mmm' on line 7236.
.................................................
.................................................
. LaTeX info: "xparse/define-command"
. 
. Defining command \ang with sig. 'o>{\SplitArgument {2}{;}}m' on line 7251.
.................................................
.................................................
. LaTeX info: "xparse/define-command"
. 
. Defining command \num with sig. 'om' on line 7260.
.................................................
.................................................
. LaTeX info: "xparse/define-command"
. 
. Defining command \numlist with sig. 'o>{\SplitList {;}}m' on line 7269.
.................................................
.................................................
. LaTeX info: "xparse/define-command"
. 
. Defining command \numrange with sig. 'omm' on line 7278.
.................................................
.................................................
. LaTeX info: "xparse/define-command"
. 
. Defining command \SIlist with sig. 'o>{\SplitList {;}}mm' on line 7290.
.................................................
.................................................
. LaTeX info: "xparse/define-command"
. 
. Defining command \SIrange with sig. 'ommm' on line 7302.
.................................................
.................................................
. LaTeX info: "xparse/define-command"
. 
. Defining command \SI with sig. 'omom' on line 7314.
.................................................
.................................................
. LaTeX info: "xparse/define-command"
. 
. Defining command \sisetup with sig. 'm' on line 7317.
.................................................
.................................................
. LaTeX info: "xparse/define-command"
. 
. Defining command \tablenum with sig. 'om' on line 7332.
.................................................
.................................................
. LaTeX info: "xparse/define-command"
. 
. Defining command \si with sig. 'om' on line 7344.
.................................................
.................................................
. LaTeX info: "xparse/define-command"
. 
. Defining command \__siunitx_bookmark_num:w with sig. 'om' on line 7391.
.................................................
.................................................
. LaTeX info: "xparse/define-command"
. 
. Defining command \__siunitx_bookmark_numrange:w with sig. 'omm' on line
. 7393.
.................................................
.................................................
. LaTeX info: "xparse/define-command"
. 
. Defining command \__siunitx_bookmark_SI:w with sig. 'omom' on line 7395.
.................................................
.................................................
. LaTeX info: "xparse/define-command"
. 
. Defining command \__siunitx_bookmark_SIlist:w with sig. 'omm' on line 7397.
.................................................
.................................................
. LaTeX info: "xparse/define-command"
. 
. Defining command \__siunitx_bookmark_SIrange:w with sig. 'ommm' on line
. 7399.
.................................................
.................................................
. LaTeX info: "xparse/define-command"
. 
. Defining command \__siunitx_bookmark_si:w with sig. 'om' on line 7400.
.................................................
\g__file_internal_ior=\read1

(/home/salv/.local/texlive/2015/texmf-dist/tex/latex/beamer/translator/translat
or.sty
Package: translator 2010/06/12 ver 1.10

(/home/salv/.local/texlive/2015/texmf-dist/tex/latex/beamer/translator/translat
or-language-mappings.tex))
*************************************************
* siunitx warning: "version-1-option"
* 
* Version 1 option 'decimalsymbol' detected.
*************************************************

(/home/salv/.local/texlive/2015/texmf-dist/tex/latex/siunitx/siunitx-version-1.
cfg
File: siunitx-version-1.cfg 2016/03/01 v2.6q siunitx: Version 1 settings
.................................................
. LaTeX info: "xparse/define-command"
. 
. Defining command \newpower with sig. 'omm' on line 633.
.................................................
.................................................
. LaTeX info: "xparse/define-command"
. 
. Defining command \renewpower with sig. 'omm' on line 638.
.................................................
.................................................
. LaTeX info: "xparse/define-command"
. 
. Defining command \providepower with sig. 'omm' on line 643.
.................................................
.................................................
. LaTeX info: "xparse/define-command"
. 
. Defining command \newprefix with sig. 'ommm' on line 648.
.................................................
.................................................
. LaTeX info: "xparse/define-command"
. 
. Defining command \renewprefix with sig. 'ommm' on line 653.
.................................................
.................................................
. LaTeX info: "xparse/define-command"
. 
. Defining command \provideprefix with sig. 'ommm' on line 658.
.................................................
.................................................
. LaTeX info: "xparse/define-command"
. 
. Defining command \newqualifier with sig. 'mm' on line 661.
.................................................
.................................................
. LaTeX info: "xparse/define-command"
. 
. Defining command \requiresiconfigs with sig. 'm' on line 729.
.................................................
)) (/home/salv/.local/texlive/2015/texmf-dist/tex/latex/base/textcomp.sty
Package: textcomp 2005/09/27 v1.99g Standard LaTeX package
Package textcomp Info: Sub-encoding information:
(textcomp)               5 = only ISO-Adobe without \textcurrency
(textcomp)               4 = 5 + \texteuro
(textcomp)               3 = 4 + \textohm
(textcomp)               2 = 3 + \textestimated + \textcurrency
(textcomp)               1 = TS1 - \textcircled - \t
(textcomp)               0 = TS1 (full)
(textcomp)             Font families with sub-encoding setting implement
(textcomp)             only a restricted character set as indicated.
(textcomp)             Family '?' is the default used for unknown fonts.
(textcomp)             See the documentation for details.
Package textcomp Info: Setting ? sub-encoding to TS1/1 on input line 79.

(/home/salv/.local/texlive/2015/texmf-dist/tex/latex/base/ts1enc.def
File: ts1enc.def 2001/06/05 v3.0e (jk/car/fm) Standard LaTeX file
)
LaTeX Info: Redefining \oldstylenums on input line 334.
Package textcomp Info: Setting cmr sub-encoding to TS1/0 on input line 349.
Package textcomp Info: Setting cmss sub-encoding to TS1/0 on input line 350.
Package textcomp Info: Setting cmtt sub-encoding to TS1/0 on input line 351.
Package textcomp Info: Setting cmvtt sub-encoding to TS1/0 on input line 352.
Package textcomp Info: Setting cmbr sub-encoding to TS1/0 on input line 353.
Package textcomp Info: Setting cmtl sub-encoding to TS1/0 on input line 354.
Package textcomp Info: Setting ccr sub-encoding to TS1/0 on input line 355.
Package textcomp Info: Setting ptm sub-encoding to TS1/4 on input line 356.
Package textcomp Info: Setting pcr sub-encoding to TS1/4 on input line 357.
Package textcomp Info: Setting phv sub-encoding to TS1/4 on input line 358.
Package textcomp Info: Setting ppl sub-encoding to TS1/3 on input line 359.
Package textcomp Info: Setting pag sub-encoding to TS1/4 on input line 360.
Package textcomp Info: Setting pbk sub-encoding to TS1/4 on input line 361.
Package textcomp Info: Setting pnc sub-encoding to TS1/4 on input line 362.
Package textcomp Info: Setting pzc sub-encoding to TS1/4 on input line 363.
Package textcomp Info: Setting bch sub-encoding to TS1/4 on input line 364.
Package textcomp Info: Setting put sub-encoding to TS1/5 on input line 365.
Package textcomp Info: Setting uag sub-encoding to TS1/5 on input line 366.
Package textcomp Info: Setting ugq sub-encoding to TS1/5 on input line 367.
Package textcomp Info: Setting ul8 sub-encoding to TS1/4 on input line 368.
Package textcomp Info: Setting ul9 sub-encoding to TS1/4 on input line 369.
Package textcomp Info: Setting augie sub-encoding to TS1/5 on input line 370.
Package textcomp Info: Setting dayrom sub-encoding to TS1/3 on input line 371.
Package textcomp Info: Setting dayroms sub-encoding to TS1/3 on input line 372.

Package textcomp Info: Setting pxr sub-encoding to TS1/0 on input line 373.
Package textcomp Info: Setting pxss sub-encoding to TS1/0 on input line 374.
Package textcomp Info: Setting pxtt sub-encoding to TS1/0 on input line 375.
Package textcomp Info: Setting txr sub-encoding to TS1/0 on input line 376.
Package textcomp Info: Setting txss sub-encoding to TS1/0 on input line 377.
Package textcomp Info: Setting txtt sub-encoding to TS1/0 on input line 378.
Package textcomp Info: Setting lmr sub-encoding to TS1/0 on input line 379.
Package textcomp Info: Setting lmdh sub-encoding to TS1/0 on input line 380.
Package textcomp Info: Setting lmss sub-encoding to TS1/0 on input line 381.
Package textcomp Info: Setting lmssq sub-encoding to TS1/0 on input line 382.
Package textcomp Info: Setting lmvtt sub-encoding to TS1/0 on input line 383.
Package textcomp Info: Setting lmtt sub-encoding to TS1/0 on input line 384.
Package textcomp Info: Setting qhv sub-encoding to TS1/0 on input line 385.
Package textcomp Info: Setting qag sub-encoding to TS1/0 on input line 386.
Package textcomp Info: Setting qbk sub-encoding to TS1/0 on input line 387.
Package textcomp Info: Setting qcr sub-encoding to TS1/0 on input line 388.
Package textcomp Info: Setting qcs sub-encoding to TS1/0 on input line 389.
Package textcomp Info: Setting qpl sub-encoding to TS1/0 on input line 390.
Package textcomp Info: Setting qtm sub-encoding to TS1/0 on input line 391.
Package textcomp Info: Setting qzc sub-encoding to TS1/0 on input line 392.
Package textcomp Info: Setting qhvc sub-encoding to TS1/0 on input line 393.
Package textcomp Info: Setting futs sub-encoding to TS1/4 on input line 394.
Package textcomp Info: Setting futx sub-encoding to TS1/4 on input line 395.
Package textcomp Info: Setting futj sub-encoding to TS1/4 on input line 396.
Package textcomp Info: Setting hlh sub-encoding to TS1/3 on input line 397.
Package textcomp Info: Setting hls sub-encoding to TS1/3 on input line 398.
Package textcomp Info: Setting hlst sub-encoding to TS1/3 on input line 399.
Package textcomp Info: Setting hlct sub-encoding to TS1/5 on input line 400.
Package textcomp Info: Setting hlx sub-encoding to TS1/5 on input line 401.
Package textcomp Info: Setting hlce sub-encoding to TS1/5 on input line 402.
Package textcomp Info: Setting hlcn sub-encoding to TS1/5 on input line 403.
Package textcomp Info: Setting hlcw sub-encoding to TS1/5 on input line 404.
Package textcomp Info: Setting hlcf sub-encoding to TS1/5 on input line 405.
Package textcomp Info: Setting pplx sub-encoding to TS1/3 on input line 406.
Package textcomp Info: Setting pplj sub-encoding to TS1/3 on input line 407.
Package textcomp Info: Setting ptmx sub-encoding to TS1/4 on input line 408.
Package textcomp Info: Setting ptmj sub-encoding to TS1/4 on input line 409.
)
(/home/salv/.local/texlive/2015/texmf-dist/tex/latex/amsmath/amsmath.sty
Package: amsmath 2016/03/10 v2.15b AMS math features
\@mathmargin=\skip55

For additional information on amsmath, use the `?' option.
(/home/salv/.local/texlive/2015/texmf-dist/tex/latex/amsmath/amsbsy.sty
Package: amsbsy 1999/11/29 v1.2d Bold Symbols
LaTeX Info: Redefining \pmb on input line 40.
\pmbraise@=\dimen167
)
(/home/salv/.local/texlive/2015/texmf-dist/tex/latex/amsmath/amsopn.sty
Package: amsopn 2016/03/08 v2.02 operator names
)
\inf@bad=\count140
LaTeX Info: Redefining \frac on input line 199.
\uproot@=\count141
\leftroot@=\count142
LaTeX Info: Redefining \overline on input line 297.
\classnum@=\count143
\DOTSCASE@=\count144
LaTeX Info: Redefining \ldots on input line 394.
LaTeX Info: Redefining \dots on input line 397.
LaTeX Info: Redefining \cdots on input line 518.
\Mathstrutbox@=\box49
\strutbox@=\box50
\big@size=\dimen168
LaTeX Font Info:    Redeclaring font encoding OML on input line 634.
LaTeX Font Info:    Redeclaring font encoding OMS on input line 635.
\macc@depth=\count145
\c@MaxMatrixCols=\count146
\dotsspace@=\muskip16
\c@parentequation=\count147
\dspbrk@lvl=\count148
\tag@help=\toks17
\row@=\count149
\column@=\count150
\maxfields@=\count151
\andhelp@=\toks18
\eqnshift@=\dimen169
\alignsep@=\dimen170
\tagshift@=\dimen171
\tagwidth@=\dimen172
\totwidth@=\dimen173
\lineht@=\dimen174
\@envbody=\toks19
\multlinegap=\skip56
\multlinetaggap=\skip57
\mathdisplay@stack=\toks20
LaTeX Info: Redefining \[ on input line 2739.
LaTeX Info: Redefining \] on input line 2740.
)
(/home/salv/.local/texlive/2015/texmf-dist/tex/latex/amsfonts/amssymb.sty
Package: amssymb 2013/01/14 v3.01 AMS font symbols

(/home/salv/.local/texlive/2015/texmf-dist/tex/latex/amsfonts/amsfonts.sty
Package: amsfonts 2013/01/14 v3.01 Basic AMSFonts support
\symAMSa=\mathgroup4
\symAMSb=\mathgroup5
LaTeX Font Info:    Overwriting math alphabet `\mathfrak' in version `bold'
(Font)                  U/euf/m/n --> U/euf/b/n on input line 106.
))
(/home/salv/.local/texlive/2015/texmf-dist/tex/latex/placeins/placeins.sty
Package: placeins 2005/04/18  v 2.2
)
(./proceedings.aux)
\openout1 = `./proceedings.aux'.

LaTeX Font Info:    Checking defaults for OML/cmm/m/it on input line 65.
LaTeX Font Info:    ... okay on input line 65.
LaTeX Font Info:    Checking defaults for T1/cmr/m/n on input line 65.
LaTeX Font Info:    ... okay on input line 65.
LaTeX Font Info:    Checking defaults for OT1/cmr/m/n on input line 65.
LaTeX Font Info:    ... okay on input line 65.
LaTeX Font Info:    Checking defaults for OMS/cmsy/m/n on input line 65.
LaTeX Font Info:    ... okay on input line 65.
LaTeX Font Info:    Checking defaults for OMX/cmex/m/n on input line 65.
LaTeX Font Info:    ... okay on input line 65.
LaTeX Font Info:    Checking defaults for U/cmr/m/n on input line 65.
LaTeX Font Info:    ... okay on input line 65.
LaTeX Font Info:    Checking defaults for TS1/cmr/m/n on input line 65.
LaTeX Font Info:    Try loading font information for TS1+cmr on input line 65.

(/home/salv/.local/texlive/2015/texmf-dist/tex/latex/base/ts1cmr.fd
File: ts1cmr.fd 2014/09/29 v2.5h Standard LaTeX font definitions
)
LaTeX Font Info:    ... okay on input line 65.

(/home/salv/.local/texlive/2015/texmf-dist/tex/context/base/supp-pdf.mkii
[Loading MPS to PDF converter (version 2006.09.02).]
\scratchcounter=\count152
\scratchdimen=\dimen175
\scratchbox=\box51
\nofMPsegments=\count153
\nofMParguments=\count154
\everyMPshowfont=\toks21
\MPscratchCnt=\count155
\MPscratchDim=\dimen176
\MPnumerator=\count156
\makeMPintoPDFobject=\count157
\everyMPtoPDFconversion=\toks22
)
(/home/salv/.local/texlive/2015/texmf-dist/tex/generic/oberdiek/pdftexcmds.sty
Package: pdftexcmds 2011/11/29 v0.20 Utility functions of pdfTeX for LuaTeX (HO
)

(/home/salv/.local/texlive/2015/texmf-dist/tex/generic/oberdiek/ifluatex.sty
Package: ifluatex 2010/03/01 v1.3 Provides the ifluatex switch (HO)
Package ifluatex Info: LuaTeX not detected.
)
(/home/salv/.local/texlive/2015/texmf-dist/tex/generic/oberdiek/ifpdf.sty
Package: ifpdf 2011/01/30 v2.3 Provides the ifpdf switch (HO)
Package ifpdf Info: pdfTeX in PDF mode is detected.
)
Package pdftexcmds Info: LuaTeX not detected.
Package pdftexcmds Info: \pdf@primitive is available.
Package pdftexcmds Info: \pdf@ifprimitive is available.
Package pdftexcmds Info: \pdfdraftmode found.
)
(/home/salv/.local/texlive/2015/texmf-dist/tex/latex/oberdiek/epstopdf-base.sty
Package: epstopdf-base 2010/02/09 v2.5 Base part for package epstopdf
(/home/salv/.local/texlive/2015/texmf-dist/tex/latex/oberdiek/grfext.sty
Package: grfext 2010/08/19 v1.1 Manage graphics extensions (HO)

(/home/salv/.local/texlive/2015/texmf-dist/tex/generic/oberdiek/kvdefinekeys.st
y
Package: kvdefinekeys 2011/04/07 v1.3 Define keys (HO)
)) (/home/salv/.local/texlive/2015/texmf-dist/tex/latex/oberdiek/kvoptions.sty
Package: kvoptions 2011/06/30 v3.11 Key value format for package options (HO)
(/home/salv/.local/texlive/2015/texmf-dist/tex/generic/oberdiek/kvsetkeys.sty
Package: kvsetkeys 2012/04/25 v1.16 Key value parser (HO)

(/home/salv/.local/texlive/2015/texmf-dist/tex/generic/oberdiek/etexcmds.sty
Package: etexcmds 2011/02/16 v1.5 Avoid name clashes with e-TeX commands (HO)
Package etexcmds Info: Could not find \expanded.
(etexcmds)             That can mean that you are not using pdfTeX 1.50 or
(etexcmds)             that some package has redefined \expanded.
(etexcmds)             In the latter case, load this package earlier.
)))
Package grfext Info: Graphics extension search list:
(grfext)             [.png,.pdf,.jpg,.mps,.jpeg,.jbig2,.jb2,.PNG,.PDF,.JPG,.JPE
G,.JBIG2,.JB2,.eps]
(grfext)             \AppendGraphicsExtensions on input line 452.

(/home/salv/.local/texlive/2015/texmf-dist/tex/latex/latexconfig/epstopdf-sys.c
fg
File: epstopdf-sys.cfg 2010/07/13 v1.3 Configuration of (r)epstopdf for TeX Liv
e
))
(/home/salv/.local/texlive/2015/texmf-dist/tex/latex/beamer/translator/dicts/tr
anslator-basic-dictionary/translator-basic-dictionary-English.dict
Dictionary: translator-basic-dictionary, Language: English 
)
(/home/salv/.local/texlive/2015/texmf-dist/tex/latex/siunitx/siunitx-abbreviati
ons.cfg
File: siunitx-abbreviations.cfg 2016/03/01 v2.6q siunitx: Abbreviated units
)
.................................................
. LaTeX info: "xparse/define-command"
. 
. Defining command \of with sig. '' on line 65.
.................................................
.................................................
. LaTeX info: "xparse/define-command"
. 
. Defining command \highlight with sig. '' on line 65.
.................................................
.................................................
. LaTeX info: "xparse/define-command"
. 
. Defining command \per with sig. '' on line 65.
.................................................
.................................................
. LaTeX info: "xparse/define-command"
. 
. Defining command \raiseto with sig. '' on line 65.
.................................................
.................................................
. LaTeX info: "xparse/define-command"
. 
. Defining command \tothe with sig. '' on line 65.
.................................................
.................................................
. LaTeX info: "xparse/define-command"
. 
. Defining command \kilogram with sig. '' on line 65.
.................................................
.................................................
. LaTeX info: "xparse/define-command"
. 
. Defining command \metre with sig. '' on line 65.
.................................................
.................................................
. LaTeX info: "xparse/define-command"
. 
. Defining command \meter with sig. '' on line 65.
.................................................
.................................................
. LaTeX info: "xparse/define-command"
. 
. Defining command \mole with sig. '' on line 65.
.................................................
.................................................
. LaTeX info: "xparse/define-command"
. 
. Defining command \second with sig. '' on line 65.
.................................................
.................................................
. LaTeX info: "xparse/define-command"
. 
. Defining command \ampere with sig. '' on line 65.
.................................................
.................................................
. LaTeX info: "xparse/define-command"
. 
. Defining command \kelvin with sig. '' on line 65.
.................................................
.................................................
. LaTeX info: "xparse/define-command"
. 
. Defining command \candela with sig. '' on line 65.
.................................................
.................................................
. LaTeX info: "xparse/define-command"
. 
. Defining command \gram with sig. '' on line 65.
.................................................
.................................................
. LaTeX info: "xparse/define-command"
. 
. Defining command \yocto with sig. '' on line 65.
.................................................
.................................................
. LaTeX info: "xparse/define-command"
. 
. Defining command \zepto with sig. '' on line 65.
.................................................
.................................................
. LaTeX info: "xparse/define-command"
. 
. Defining command \atto with sig. '' on line 65.
.................................................
.................................................
. LaTeX info: "xparse/define-command"
. 
. Defining command \femto with sig. '' on line 65.
.................................................
.................................................
. LaTeX info: "xparse/define-command"
. 
. Defining command \pico with sig. '' on line 65.
.................................................
.................................................
. LaTeX info: "xparse/define-command"
. 
. Defining command \nano with sig. '' on line 65.
.................................................
.................................................
. LaTeX info: "xparse/define-command"
. 
. Defining command \micro with sig. '' on line 65.
.................................................
.................................................
. LaTeX info: "xparse/define-command"
. 
. Defining command \milli with sig. '' on line 65.
.................................................
.................................................
. LaTeX info: "xparse/define-command"
. 
. Defining command \centi with sig. '' on line 65.
.................................................
.................................................
. LaTeX info: "xparse/define-command"
. 
. Defining command \deci with sig. '' on line 65.
.................................................
.................................................
. LaTeX info: "xparse/define-command"
. 
. Defining command \deca with sig. '' on line 65.
.................................................
.................................................
. LaTeX info: "xparse/define-command"
. 
. Defining command \deka with sig. '' on line 65.
.................................................
.................................................
. LaTeX info: "xparse/define-command"
. 
. Defining command \hecto with sig. '' on line 65.
.................................................
.................................................
. LaTeX info: "xparse/define-command"
. 
. Defining command \kilo with sig. '' on line 65.
.................................................
.................................................
. LaTeX info: "xparse/define-command"
. 
. Defining command \mega with sig. '' on line 65.
.................................................
.................................................
. LaTeX info: "xparse/define-command"
. 
. Defining command \giga with sig. '' on line 65.
.................................................
.................................................
. LaTeX info: "xparse/define-command"
. 
. Defining command \tera with sig. '' on line 65.
.................................................
.................................................
. LaTeX info: "xparse/define-command"
. 
. Defining command \peta with sig. '' on line 65.
.................................................
.................................................
. LaTeX info: "xparse/define-command"
. 
. Defining command \exa with sig. '' on line 65.
.................................................
.................................................
. LaTeX info: "xparse/define-command"
. 
. Defining command \zetta with sig. '' on line 65.
.................................................
.................................................
. LaTeX info: "xparse/define-command"
. 
. Defining command \yotta with sig. '' on line 65.
.................................................
.................................................
. LaTeX info: "xparse/define-command"
. 
. Defining command \becquerel with sig. '' on line 65.
.................................................
.................................................
. LaTeX info: "xparse/define-command"
. 
. Defining command \celsius with sig. '' on line 65.
.................................................
.................................................
. LaTeX info: "xparse/define-command"
. 
. Defining command \degreeCelsius with sig. '' on line 65.
.................................................
.................................................
. LaTeX info: "xparse/define-command"
. 
. Defining command \coulomb with sig. '' on line 65.
.................................................
.................................................
. LaTeX info: "xparse/define-command"
. 
. Defining command \farad with sig. '' on line 65.
.................................................
.................................................
. LaTeX info: "xparse/define-command"
. 
. Defining command \gray with sig. '' on line 65.
.................................................
.................................................
. LaTeX info: "xparse/define-command"
. 
. Defining command \hertz with sig. '' on line 65.
.................................................
.................................................
. LaTeX info: "xparse/define-command"
. 
. Defining command \henry with sig. '' on line 65.
.................................................
.................................................
. LaTeX info: "xparse/define-command"
. 
. Defining command \joule with sig. '' on line 65.
.................................................
.................................................
. LaTeX info: "xparse/define-command"
. 
. Defining command \katal with sig. '' on line 65.
.................................................
.................................................
. LaTeX info: "xparse/define-command"
. 
. Defining command \lumen with sig. '' on line 65.
.................................................
.................................................
. LaTeX info: "xparse/define-command"
. 
. Defining command \lux with sig. '' on line 65.
.................................................
.................................................
. LaTeX info: "xparse/define-command"
. 
. Defining command \newton with sig. '' on line 65.
.................................................
.................................................
. LaTeX info: "xparse/define-command"
. 
. Defining command \ohm with sig. '' on line 65.
.................................................
.................................................
. LaTeX info: "xparse/define-command"
. 
. Defining command \pascal with sig. '' on line 65.
.................................................
.................................................
. LaTeX info: "xparse/define-command"
. 
. Defining command \radian with sig. '' on line 65.
.................................................
.................................................
. LaTeX info: "xparse/define-command"
. 
. Defining command \siemens with sig. '' on line 65.
.................................................
.................................................
. LaTeX info: "xparse/define-command"
. 
. Defining command \sievert with sig. '' on line 65.
.................................................
.................................................
. LaTeX info: "xparse/define-command"
. 
. Defining command \steradian with sig. '' on line 65.
.................................................
.................................................
. LaTeX info: "xparse/define-command"
. 
. Defining command \tesla with sig. '' on line 65.
.................................................
.................................................
. LaTeX info: "xparse/define-command"
. 
. Defining command \volt with sig. '' on line 65.
.................................................
.................................................
. LaTeX info: "xparse/define-command"
. 
. Defining command \watt with sig. '' on line 65.
.................................................
.................................................
. LaTeX info: "xparse/define-command"
. 
. Defining command \weber with sig. '' on line 65.
.................................................
.................................................
. LaTeX info: "xparse/define-command"
. 
. Defining command \arcmin with sig. '' on line 65.
.................................................
.................................................
. LaTeX info: "xparse/define-command"
. 
. Defining command \arcminute with sig. '' on line 65.
.................................................
.................................................
. LaTeX info: "xparse/define-command"
. 
. Defining command \arcsecond with sig. '' on line 65.
.................................................
.................................................
. LaTeX info: "xparse/define-command"
. 
. Defining command \degree with sig. '' on line 65.
.................................................
.................................................
. LaTeX info: "xparse/define-command"
. 
. Defining command \hectare with sig. '' on line 65.
.................................................
.................................................
. LaTeX info: "xparse/define-command"
. 
. Defining command \hour with sig. '' on line 65.
.................................................
.................................................
. LaTeX info: "xparse/define-command"
. 
. Defining command \litre with sig. '' on line 65.
.................................................
.................................................
. LaTeX info: "xparse/define-command"
. 
. Defining command \liter with sig. '' on line 65.
.................................................
.................................................
. LaTeX info: "xparse/define-command"
. 
. Defining command \minute with sig. '' on line 65.
.................................................
.................................................
. LaTeX info: "xparse/define-command"
. 
. Defining command \percent with sig. '' on line 65.
.................................................
.................................................
. LaTeX info: "xparse/define-command"
. 
. Defining command \tonne with sig. '' on line 65.
.................................................
.................................................
. LaTeX info: "xparse/define-command"
. 
. Defining command \astronomicalunit with sig. '' on line 65.
.................................................
.................................................
. LaTeX info: "xparse/define-command"
. 
. Defining command \atomicmassunit with sig. '' on line 65.
.................................................
.................................................
. LaTeX info: "xparse/define-command"
. 
. Defining command \electronvolt with sig. '' on line 65.
.................................................
.................................................
. LaTeX info: "xparse/define-command"
. 
. Defining command \dalton with sig. '' on line 65.
.................................................
.................................................
. LaTeX info: "xparse/define-command"
. 
. Defining command \clight with sig. '' on line 65.
.................................................
.................................................
. LaTeX info: "xparse/define-command"
. 
. Defining command \electronmass with sig. '' on line 65.
.................................................
.................................................
. LaTeX info: "xparse/define-command"
. 
. Defining command \planckbar with sig. '' on line 65.
.................................................
.................................................
. LaTeX info: "xparse/define-command"
. 
. Defining command \elementarycharge with sig. '' on line 65.
.................................................
.................................................
. LaTeX info: "xparse/define-command"
. 
. Defining command \bohr with sig. '' on line 65.
.................................................
.................................................
. LaTeX info: "xparse/define-command"
. 
. Defining command \hartree with sig. '' on line 65.
.................................................
.................................................
. LaTeX info: "xparse/define-command"
. 
. Defining command \angstrom with sig. '' on line 65.
.................................................
.................................................
. LaTeX info: "xparse/define-command"
. 
. Defining command \barn with sig. '' on line 65.
.................................................
.................................................
. LaTeX info: "xparse/define-command"
. 
. Defining command \bel with sig. '' on line 65.
.................................................
.................................................
. LaTeX info: "xparse/define-command"
. 
. Defining command \decibel with sig. '' on line 65.
.................................................
.................................................
. LaTeX info: "xparse/define-command"
. 
. Defining command \knot with sig. '' on line 65.
.................................................
.................................................
. LaTeX info: "xparse/define-command"
. 
. Defining command \mmHg with sig. '' on line 65.
.................................................
.................................................
. LaTeX info: "xparse/define-command"
. 
. Defining command \nauticalmile with sig. '' on line 65.
.................................................
.................................................
. LaTeX info: "xparse/define-command"
. 
. Defining command \neper with sig. '' on line 65.
.................................................
.................................................
. LaTeX info: "xparse/define-command"
. 
. Defining command \squared with sig. '' on line 65.
.................................................
.................................................
. LaTeX info: "xparse/define-command"
. 
. Defining command \cubic with sig. '' on line 65.
.................................................
.................................................
. LaTeX info: "xparse/define-command"
. 
. Defining command \cubed with sig. '' on line 65.
.................................................
.................................................
. LaTeX info: "xparse/define-command"
. 
. Defining command \Square with sig. '' on line 65.
.................................................
.................................................
. LaTeX info: "xparse/define-command"
. 
. Defining command \ssquare with sig. '' on line 65.
.................................................
.................................................
. LaTeX info: "xparse/define-command"
. 
. Defining command \BAR with sig. '' on line 65.
.................................................
.................................................
. LaTeX info: "xparse/define-command"
. 
. Defining command \Day with sig. '' on line 65.
.................................................
.................................................
. LaTeX info: "xparse/define-command"
. 
. Defining command \dday with sig. '' on line 65.
.................................................
.................................................
. LaTeX info: "xparse/define-command"
. 
. Defining command \Gray with sig. '' on line 65.
.................................................
.................................................
. LaTeX info: "xparse/define-command"
. 
. Defining command \ggray with sig. '' on line 65.
.................................................
.................................................
. LaTeX info: "xparse/define-command"
. 
. Defining command \atomicmass with sig. '' on line 65.
.................................................
.................................................
. LaTeX info: "xparse/define-command"
. 
. Defining command \arcsec with sig. '' on line 65.
.................................................
.................................................
. LaTeX info: "xparse/define-command"
. 
. Defining command \are with sig. '' on line 65.
.................................................
.................................................
. LaTeX info: "xparse/define-command"
. 
. Defining command \curie with sig. '' on line 65.
.................................................
.................................................
. LaTeX info: "xparse/define-command"
. 
. Defining command \gal with sig. '' on line 65.
.................................................
.................................................
. LaTeX info: "xparse/define-command"
. 
. Defining command \millibar with sig. '' on line 65.
.................................................
.................................................
. LaTeX info: "xparse/define-command"
. 
. Defining command \rad with sig. '' on line 65.
.................................................
.................................................
. LaTeX info: "xparse/define-command"
. 
. Defining command \rem with sig. '' on line 65.
.................................................
.................................................
. LaTeX info: "xparse/define-command"
. 
. Defining command \roentgen with sig. '' on line 65.
.................................................
.................................................
. LaTeX info: "xparse/define-command"
. 
. Defining command \micA with sig. '' on line 65.
.................................................
.................................................
. LaTeX info: "xparse/define-command"
. 
. Defining command \micmol with sig. '' on line 65.
.................................................
.................................................
. LaTeX info: "xparse/define-command"
. 
. Defining command \micl with sig. '' on line 65.
.................................................
.................................................
. LaTeX info: "xparse/define-command"
. 
. Defining command \micL with sig. '' on line 65.
.................................................
.................................................
. LaTeX info: "xparse/define-command"
. 
. Defining command \nanog with sig. '' on line 65.
.................................................
.................................................
. LaTeX info: "xparse/define-command"
. 
. Defining command \micg with sig. '' on line 65.
.................................................
.................................................
. LaTeX info: "xparse/define-command"
. 
. Defining command \picm with sig. '' on line 65.
.................................................
.................................................
. LaTeX info: "xparse/define-command"
. 
. Defining command \micm with sig. '' on line 65.
.................................................
.................................................
. LaTeX info: "xparse/define-command"
. 
. Defining command \Sec with sig. '' on line 65.
.................................................
.................................................
. LaTeX info: "xparse/define-command"
. 
. Defining command \mics with sig. '' on line 65.
.................................................
.................................................
. LaTeX info: "xparse/define-command"
. 
. Defining command \cmc with sig. '' on line 65.
.................................................
.................................................
. LaTeX info: "xparse/define-command"
. 
. Defining command \dmc with sig. '' on line 65.
.................................................
.................................................
. LaTeX info: "xparse/define-command"
. 
. Defining command \cms with sig. '' on line 65.
.................................................
.................................................
. LaTeX info: "xparse/define-command"
. 
. Defining command \centimetrecubed with sig. '' on line 65.
.................................................
.................................................
. LaTeX info: "xparse/define-command"
. 
. Defining command \centimetresquared with sig. '' on line 65.
.................................................
.................................................
. LaTeX info: "xparse/define-command"
. 
. Defining command \cubiccentimetre with sig. '' on line 65.
.................................................
.................................................
. LaTeX info: "xparse/define-command"
. 
. Defining command \cubicdecimetre with sig. '' on line 65.
.................................................
.................................................
. LaTeX info: "xparse/define-command"
. 
. Defining command \squarecentimetre with sig. '' on line 65.
.................................................
.................................................
. LaTeX info: "xparse/define-command"
. 
. Defining command \squaremetre with sig. '' on line 65.
.................................................
.................................................
. LaTeX info: "xparse/define-command"
. 
. Defining command \squarekilometre with sig. '' on line 65.
.................................................
.................................................
. LaTeX info: "xparse/define-command"
. 
. Defining command \parsec with sig. '' on line 65.
.................................................
.................................................
. LaTeX info: "xparse/define-command"
. 
. Defining command \lightyear with sig. '' on line 65.
.................................................
.................................................
. LaTeX info: "xparse/define-command"
. 
. Defining command \gmol with sig. '' on line 65.
.................................................
.................................................
. LaTeX info: "xparse/define-command"
. 
. Defining command \kgmol with sig. '' on line 65.
.................................................
.................................................
. LaTeX info: "xparse/define-command"
. 
. Defining command \lbmol with sig. '' on line 65.
.................................................
.................................................
. LaTeX info: "xparse/define-command"
. 
. Defining command \molar with sig. '' on line 65.
.................................................
.................................................
. LaTeX info: "xparse/define-command"
. 
. Defining command \Molar with sig. '' on line 65.
.................................................
.................................................
. LaTeX info: "xparse/define-command"
. 
. Defining command \torr with sig. '' on line 65.
.................................................
.................................................
. LaTeX info: "xparse/define-command"
. 
. Defining command \gon with sig. '' on line 65.
.................................................
.................................................
. LaTeX info: "xparse/define-command"
. 
. Defining command \micron with sig. '' on line 65.
.................................................
.................................................
. LaTeX info: "xparse/define-command"
. 
. Defining command \mrad with sig. '' on line 65.
.................................................
.................................................
. LaTeX info: "xparse/define-command"
. 
. Defining command \gauss with sig. '' on line 65.
.................................................
.................................................
. LaTeX info: "xparse/define-command"
. 
. Defining command \eVperc with sig. '' on line 65.
.................................................
.................................................
. LaTeX info: "xparse/define-command"
. 
. Defining command \nanobarn with sig. '' on line 65.
.................................................
.................................................
. LaTeX info: "xparse/define-command"
. 
. Defining command \picobarn with sig. '' on line 65.
.................................................
.................................................
. LaTeX info: "xparse/define-command"
. 
. Defining command \femtobarn with sig. '' on line 65.
.................................................
.................................................
. LaTeX info: "xparse/define-command"
. 
. Defining command \attobarn with sig. '' on line 65.
.................................................
.................................................
. LaTeX info: "xparse/define-command"
. 
. Defining command \zeptobarn with sig. '' on line 65.
.................................................
.................................................
. LaTeX info: "xparse/define-command"
. 
. Defining command \yoctobarn with sig. '' on line 65.
.................................................
.................................................
. LaTeX info: "xparse/define-command"
. 
. Defining command \nb with sig. '' on line 65.
.................................................
.................................................
. LaTeX info: "xparse/define-command"
. 
. Defining command \pb with sig. '' on line 65.
.................................................
.................................................
. LaTeX info: "xparse/define-command"
. 
. Defining command \fb with sig. '' on line 65.
.................................................
.................................................
. LaTeX info: "xparse/define-command"
. 
. Defining command \ab with sig. '' on line 65.
.................................................
.................................................
. LaTeX info: "xparse/define-command"
. 
. Defining command \zb with sig. '' on line 65.
.................................................
.................................................
. LaTeX info: "xparse/define-command"
. 
. Defining command \yb with sig. '' on line 65.
.................................................
.................................................
. LaTeX info: "xparse/define-command"
. 
. Defining command \permille with sig. '' on line 65.
.................................................
.................................................
. LaTeX info: "xparse/define-command"
. 
. Defining command \A with sig. '' on line 65.
.................................................
.................................................
. LaTeX info: "xparse/define-command"
. 
. Defining command \pA with sig. '' on line 65.
.................................................
.................................................
. LaTeX info: "xparse/define-command"
. 
. Defining command \nA with sig. '' on line 65.
.................................................
.................................................
. LaTeX info: "xparse/define-command"
. 
. Defining command \uA with sig. '' on line 65.
.................................................
.................................................
. LaTeX info: "xparse/define-command"
. 
. Defining command \kA with sig. '' on line 65.
.................................................
.................................................
. LaTeX info: "xparse/define-command"
. 
. Defining command \Hz with sig. '' on line 65.
.................................................
.................................................
. LaTeX info: "xparse/define-command"
. 
. Defining command \mHz with sig. '' on line 65.
.................................................
.................................................
. LaTeX info: "xparse/define-command"
. 
. Defining command \kHz with sig. '' on line 65.
.................................................
.................................................
. LaTeX info: "xparse/define-command"
. 
. Defining command \MHz with sig. '' on line 65.
.................................................
.................................................
. LaTeX info: "xparse/define-command"
. 
. Defining command \GHz with sig. '' on line 65.
.................................................
.................................................
. LaTeX info: "xparse/define-command"
. 
. Defining command \THz with sig. '' on line 65.
.................................................
.................................................
. LaTeX info: "xparse/define-command"
. 
. Defining command \mol with sig. '' on line 65.
.................................................
.................................................
. LaTeX info: "xparse/define-command"
. 
. Defining command \fmol with sig. '' on line 65.
.................................................
.................................................
. LaTeX info: "xparse/define-command"
. 
. Defining command \pmol with sig. '' on line 65.
.................................................
.................................................
. LaTeX info: "xparse/define-command"
. 
. Defining command \nmol with sig. '' on line 65.
.................................................
.................................................
. LaTeX info: "xparse/define-command"
. 
. Defining command \umol with sig. '' on line 65.
.................................................
.................................................
. LaTeX info: "xparse/define-command"
. 
. Defining command \mmol with sig. '' on line 65.
.................................................
.................................................
. LaTeX info: "xparse/define-command"
. 
. Defining command \kmol with sig. '' on line 65.
.................................................
.................................................
. LaTeX info: "xparse/define-command"
. 
. Defining command \V with sig. '' on line 65.
.................................................
.................................................
. LaTeX info: "xparse/define-command"
. 
. Defining command \pV with sig. '' on line 65.
.................................................
.................................................
. LaTeX info: "xparse/define-command"
. 
. Defining command \nV with sig. '' on line 65.
.................................................
.................................................
. LaTeX info: "xparse/define-command"
. 
. Defining command \uV with sig. '' on line 65.
.................................................
.................................................
. LaTeX info: "xparse/define-command"
. 
. Defining command \mV with sig. '' on line 65.
.................................................
.................................................
. LaTeX info: "xparse/define-command"
. 
. Defining command \kV with sig. '' on line 65.
.................................................
.................................................
. LaTeX info: "xparse/define-command"
. 
. Defining command \hl with sig. '' on line 65.
.................................................
.................................................
. LaTeX info: "xparse/define-command"
. 
. Defining command \ml with sig. '' on line 65.
.................................................
.................................................
. LaTeX info: "xparse/define-command"
. 
. Defining command \ul with sig. '' on line 65.
.................................................
.................................................
. LaTeX info: "xparse/define-command"
. 
. Defining command \hL with sig. '' on line 65.
.................................................
.................................................
. LaTeX info: "xparse/define-command"
. 
. Defining command \mL with sig. '' on line 65.
.................................................
.................................................
. LaTeX info: "xparse/define-command"
. 
. Defining command \uL with sig. '' on line 65.
.................................................
.................................................
. LaTeX info: "xparse/define-command"
. 
. Defining command \fg with sig. '' on line 65.
.................................................
.................................................
. LaTeX info: "xparse/define-command"
. 
. Defining command \pg with sig. '' on line 65.
.................................................
.................................................
. LaTeX info: "xparse/define-command"
. 
. Defining command \ug with sig. '' on line 65.
.................................................
.................................................
. LaTeX info: "xparse/define-command"
. 
. Defining command \mg with sig. '' on line 65.
.................................................
.................................................
. LaTeX info: "xparse/define-command"
. 
. Defining command \g with sig. '' on line 65.
.................................................
.................................................
. LaTeX info: "xparse/define-command"
. 
. Defining command \kg with sig. '' on line 65.
.................................................
.................................................
. LaTeX info: "xparse/define-command"
. 
. Defining command \amu with sig. '' on line 65.
.................................................
.................................................
. LaTeX info: "xparse/define-command"
. 
. Defining command \W with sig. '' on line 65.
.................................................
.................................................
. LaTeX info: "xparse/define-command"
. 
. Defining command \uW with sig. '' on line 65.
.................................................
.................................................
. LaTeX info: "xparse/define-command"
. 
. Defining command \kW with sig. '' on line 65.
.................................................
.................................................
. LaTeX info: "xparse/define-command"
. 
. Defining command \MW with sig. '' on line 65.
.................................................
.................................................
. LaTeX info: "xparse/define-command"
. 
. Defining command \J with sig. '' on line 65.
.................................................
.................................................
. LaTeX info: "xparse/define-command"
. 
. Defining command \kJ with sig. '' on line 65.
.................................................
.................................................
. LaTeX info: "xparse/define-command"
. 
. Defining command \meV with sig. '' on line 65.
.................................................
.................................................
. LaTeX info: "xparse/define-command"
. 
. Defining command \kWh with sig. '' on line 65.
.................................................
.................................................
. LaTeX info: "xparse/define-command"
. 
. Defining command \m with sig. '' on line 65.
.................................................
.................................................
. LaTeX info: "xparse/define-command"
. 
. Defining command \nm with sig. '' on line 65.
.................................................
.................................................
. LaTeX info: "xparse/define-command"
. 
. Defining command \um with sig. '' on line 65.
.................................................
.................................................
. LaTeX info: "xparse/define-command"
. 
. Defining command \mm with sig. '' on line 65.
.................................................
.................................................
. LaTeX info: "xparse/define-command"
. 
. Defining command \dm with sig. '' on line 65.
.................................................
.................................................
. LaTeX info: "xparse/define-command"
. 
. Defining command \km with sig. '' on line 65.
.................................................
.................................................
. LaTeX info: "xparse/define-command"
. 
. Defining command \K with sig. '' on line 65.
.................................................
.................................................
. LaTeX info: "xparse/define-command"
. 
. Defining command \dB with sig. '' on line 65.
.................................................
.................................................
. LaTeX info: "xparse/define-command"
. 
. Defining command \F with sig. '' on line 65.
.................................................
.................................................
. LaTeX info: "xparse/define-command"
. 
. Defining command \fF with sig. '' on line 65.
.................................................
.................................................
. LaTeX info: "xparse/define-command"
. 
. Defining command \pF with sig. '' on line 65.
.................................................
.................................................
. LaTeX info: "xparse/define-command"
. 
. Defining command \N with sig. '' on line 65.
.................................................
.................................................
. LaTeX info: "xparse/define-command"
. 
. Defining command \mN with sig. '' on line 65.
.................................................
.................................................
. LaTeX info: "xparse/define-command"
. 
. Defining command \kN with sig. '' on line 65.
.................................................
.................................................
. LaTeX info: "xparse/define-command"
. 
. Defining command \MN with sig. '' on line 65.
.................................................
.................................................
. LaTeX info: "xparse/define-command"
. 
. Defining command \Pa with sig. '' on line 65.
.................................................
.................................................
. LaTeX info: "xparse/define-command"
. 
. Defining command \kPa with sig. '' on line 65.
.................................................
.................................................
. LaTeX info: "xparse/define-command"
. 
. Defining command \MPa with sig. '' on line 65.
.................................................
.................................................
. LaTeX info: "xparse/define-command"
. 
. Defining command \GPa with sig. '' on line 65.
.................................................
.................................................
. LaTeX info: "xparse/define-command"
. 
. Defining command \mohm with sig. '' on line 65.
.................................................
.................................................
. LaTeX info: "xparse/define-command"
. 
. Defining command \kohm with sig. '' on line 65.
.................................................
.................................................
. LaTeX info: "xparse/define-command"
. 
. Defining command \Mohm with sig. '' on line 65.
.................................................
.................................................
. LaTeX info: "xparse/define-command"
. 
. Defining command \s with sig. '' on line 65.
.................................................
.................................................
. LaTeX info: "xparse/define-command"
. 
. Defining command \as with sig. '' on line 65.
.................................................
.................................................
. LaTeX info: "xparse/define-command"
. 
. Defining command \fs with sig. '' on line 65.
.................................................
.................................................
. LaTeX info: "xparse/define-command"
. 
. Defining command \ps with sig. '' on line 65.
.................................................
.................................................
. LaTeX info: "xparse/define-command"
. 
. Defining command \ns with sig. '' on line 65.
.................................................
.................................................
. LaTeX info: "xparse/define-command"
. 
. Defining command \us with sig. '' on line 65.
.................................................
.................................................
. LaTeX info: "xparse/define-command"
. 
. Defining command \ms with sig. '' on line 65.
.................................................
\c__siunitx_mathsf_int=\count158
LaTeX Font Info:    Try loading font information for U+msa on input line 65.
 (/home/salv/.local/texlive/2015/texmf-dist/tex/latex/amsfonts/umsa.fd
File: umsa.fd 2013/01/14 v3.01 AMS symbols A
)
LaTeX Font Info:    Try loading font information for U+msb on input line 65.
(/home/salv/.local/texlive/2015/texmf-dist/tex/latex/amsfonts/umsb.fd
File: umsb.fd 2013/01/14 v3.01 AMS symbols B
)
\c__siunitx_mathtt_int=\count159
 [1{/home/salv/.local/texlive/2015/texmf-var/fonts/map/pdftex/updmap/pdftex.map
}


]
Overfull \hbox (5.2959pt too wide) detected at line 109
\OMS/cmsy/m/n/10.95 L \OT1/cmr/m/n/10.95 = [] \OMS/cmsy/m/n/10.95 P [] [] \OML/
cmm/m/it/10.95 G [] ;
 []


Underfull \hbox (badness 10000) in paragraph at lines 109--115
\OT1/cmr/m/n/10.95 which in-cludes a Pois-sion prob-a-bil-ity
 []


Underfull \hbox (badness 10000) in paragraph at lines 109--115
\OMS/cmsy/m/n/10.95 P []$ \OT1/cmr/m/n/10.95 to ob-serve $\OML/cmm/m/it/10.95 N
[]$
 []


Underfull \hbox (badness 1082) in paragraph at lines 109--115
\OT1/cmr/m/n/10.95 sources of sys-tem-atic un-cer-tain-ties. Since
 []

Package epstopdf Info: Source file: <contorni_corrected2.eps>
(epstopdf)                    date: 2013-03-25 15:35:15
(epstopdf)                    size: 9848 bytes
(epstopdf)             Output file: <contorni_corrected2-eps-converted-to.pdf>
(epstopdf)                    date: 2017-07-24 22:56:26
(epstopdf)                    size: 10635 bytes
(epstopdf)             Command: <repstopdf --outfile=contorni_corrected2-eps-co
nverted-to.pdf contorni_corrected2.eps>
(epstopdf)             \includegraphics on input line 118.
Package epstopdf Info: Output file is already uptodate.
<contorni_corrected2-eps-converted-to.pdf, id=15, 569.12625pt x 411.5375pt>
File: contorni_corrected2-eps-converted-to.pdf Graphic file (type pdf)

<use contorni_corrected2-eps-converted-to.pdf>
Package pdftex.def Info: contorni_corrected2-eps-converted-to.pdf used on input
 line 118.
(pdftex.def)             Requested size: 227.62204pt x 164.59325pt.

Overfull \hbox (5.0pt too wide) in paragraph at lines 118--119
 [][] 
 []

[2 <./contorni_corrected2-eps-converted-to.pdf>] (./proceedings.aux) ) 
Here is how much of TeX's memory you used:
 13656 strings out of 493027
 282765 string characters out of 6130911
 341070 words of memory out of 5000000
 17092 multiletter control sequences out of 15000+600000
 17452 words of font info for 70 fonts, out of 8000000 for 9000
 1141 hyphenation exceptions out of 8191
 45i,13n,61p,10410b,754s stack positions out of 5000i,500n,10000p,200000b,80000s
</home/sa
lv/.local/texlive/2015/texmf-dist/fonts/type1/public/amsfonts/cm/cmbx12.pfb></h
ome/salv/.local/texlive/2015/texmf-dist/fonts/type1/public/amsfonts/cm/cmex10.p
fb></home/salv/.local/texlive/2015/texmf-dist/fonts/type1/public/amsfonts/cm/cm
mi10.pfb></home/salv/.local/texlive/2015/texmf-dist/fonts/type1/public/amsfonts
/cm/cmmi12.pfb></home/salv/.local/texlive/2015/texmf-dist/fonts/type1/public/am
sfonts/cm/cmmi8.pfb></home/salv/.local/texlive/2015/texmf-dist/fonts/type1/publ
ic/amsfonts/cm/cmr10.pfb></home/salv/.local/texlive/2015/texmf-dist/fonts/type1
/public/amsfonts/cm/cmr12.pfb></home/salv/.local/texlive/2015/texmf-dist/fonts/
type1/public/amsfonts/cm/cmr17.pfb></home/salv/.local/texlive/2015/texmf-dist/f
onts/type1/public/amsfonts/cm/cmr8.pfb></home/salv/.local/texlive/2015/texmf-di
st/fonts/type1/public/amsfonts/cm/cmsy10.pfb></home/salv/.local/texlive/2015/te
xmf-dist/fonts/type1/public/amsfonts/cm/cmsy8.pfb>
Output written on ./proceedings.pdf (2 pages, 137645 bytes).
PDF statistics:
 65 PDF objects out of 1000 (max. 8388607)
 46 compressed objects within 1 object stream
 0 named destinations out of 1000 (max. 500000)
 6 words of extra memory for PDF output out of 10000 (max. 10000000)

